<?xml version="1.0" encoding="UTF-8"?><testsuite failures="0" name="cucumber.runtime.formatter.JUnitFormatter" skipped="0" tests="8" time="270.116509">
<testcase classname="Build and Price a model" name="Build and Price CT model" time="71.145366">
<system-out><![CDATA[Given I am in the home page.................................................passed
Then I should see "COMPARE MODELS"..........................................passed
And I follow link "COMPARE MODELS"..........................................passed
And I enter postcode as "2134"..............................................passed
And I fill in my details as follows.........................................passed
And I follow link "OK"......................................................passed
Then I select "ct200h/luxury","ct200h/f-sport" of "ct200h"..................passed
And I follow link "OK"......................................................passed
And I follow link "COMPARE VEHICLES"........................................passed
Then I should see "LUXURY"..................................................passed
Then I should see "ADD/CHANGE MODELS".......................................passed
And I follow link "BUILD & PRICE"...........................................passed
And I change grade to F Sport...............................................passed
And I change colour to "Vermillion".........................................passed
And I click on review.......................................................passed
Then I should see "READY TO PROCEED?".......................................passed
]]></system-out>
</testcase>
<testcase classname="Compare Models" name="Compare Models CT luxury and f sport" time="42.553751">
<system-out><![CDATA[Given I am in the home page.................................................passed
Then I should see "COMPARE MODELS"..........................................passed
And I follow link "COMPARE MODELS"..........................................passed
And I enter postcode as "2134"..............................................passed
And I fill in my details as follows.........................................passed
And I follow link "OK"......................................................passed
Then I select "ct200h/luxury","ct200h/f-sport" of "ct200h"..................passed
And I follow link "OK"......................................................passed
And I follow link "COMPARE VEHICLES"........................................passed
And I wait for "driveawayprice" class.......................................passed
Then I should see "LUXURY"..................................................passed
Then I should see "$42,787".................................................passed
Then I should see "F SPORT".................................................passed
Then I should see "$52,147".................................................passed
]]></system-out>
</testcase>
<testcase classname="Contact Lexus for cusomter enquiries" name="Contact Lexus for cusomter enquiries" time="30.345571">
<system-out><![CDATA[Given I am in the home page.................................................passed
Then I should see "Contact Us"..............................................passed
And I follow link "Contact Us"..............................................passed
And I select "General Enquiry" from "enquiryType"...........................passed
And I fill in my details as follows.........................................passed
And I click on "Submit my enquiry"..........................................passed
Then I should see "THANK YOU REVATHI".......................................passed
]]></system-out>
</testcase>
<testcase classname="Home Page Desktop" name="verify home page desktop" time="18.293482">
<system-out><![CDATA[Given I am in the home page.................................................passed
Then I should see "FIND A DEALER"...........................................passed
]]></system-out>
</testcase>
<testcase classname="Home Page Mobile" name="verify home page for mobile" time="4.528914">
<system-out><![CDATA[Given I am in the mobile home page..........................................passed
Then I should see "FIND A DEALER"...........................................passed
]]></system-out>
</testcase>
<testcase classname="Request for brochure" name="request for brochure" time="36.685024">
<system-out><![CDATA[Given I am in the home page.................................................passed
Then I should see "Brochure Request"........................................passed
And I follow link "Brochure Request"........................................passed
Then I should see "CONTACT US"..............................................passed
And I select "CT" model.....................................................passed
And I fill in my details as follows.........................................passed
And I click on "REQUEST MY BROCHURE"........................................passed
And I wait for "test-drive" class...........................................passed
Then I should see "THANK YOU REVATHI".......................................passed
]]></system-out>
</testcase>
<testcase classname="Request for test drive" name="request for test drive" time="25.562436">
<system-out><![CDATA[Given I am in the home page.................................................passed
Then I should see "Request a Test Drive"....................................passed
And I follow link "Request a Test Drive"....................................passed
Then I should see "CONTACT US"..............................................passed
And I select "CT" model.....................................................passed
And I select "Your details".................................................passed
And I fill in my details as follows.........................................passed
And I fill in my preferred postcode as "2134" and select "Sydney City Lexus".passed
]]></system-out>
</testcase>
<testcase classname="Find a dealer" name="find chatswood dealer" time="41.001965">
<system-out><![CDATA[Given I am in the home page.................................................passed
Then I should see "FIND A DEALER"...........................................passed
And I follow link "FIND A DEALER"...........................................passed
Then I should see "CONTACT US"..............................................passed
And I fill in my details as follows.........................................passed
And I select "CHATSWOOD NSW 2067"...........................................passed
Then I should see "Contact Lexus of Chatswood"..............................passed
And I follow link "VISIT DEALER WEBSITE"....................................passed
Then I should see "LEXUS OF CHATSWOOD"......................................passed
]]></system-out>
</testcase>
</testsuite>
