<?xml version="1.0" encoding="UTF-8" ?>
<testsuite tests="3" failures="0" name="com.sample.RunTest" time="0.27" errors="0" skipped="0">
  <properties>
[...]
</properties>
  <testcase classname="Scenario: find a dealer link" name="Given I am in the mobile home page" time="0.002"/>
  <testcase classname="Scenario: find a dealer link" name="Then I should see &quot;FIND A DEALER&quot;" time="0"/>
  <testcase classname="Scenario: find a dealer link" name="Scenario: find a dealer link" time="0.268"/>
</testsuite>