<?xml version="1.0" encoding="UTF-8"?><testsuite failures="0" name="cucumber.runtime.formatter.JUnitFormatter" skipped="0" tests="1" time="26.203399">
<testcase classname="Create a page" name="Create a page" time="26.203399">
<system-out><![CDATA[Given I am in the login page................................................passed
And I fill in my details as follows.........................................passed
And I click "login".........................................................passed
Then I should see "Dashboard"...............................................passed
And I click "space-menu-link"...............................................passed
And I select "QA home"......................................................passed
And I click "quick-create-page-button"......................................passed
And I fill in my details as follows.........................................passed
And I press "Save"..........................................................passed
Then I should see "TestSamplePage"..........................................passed
]]></system-out>
</testcase>
</testsuite>
